<?xml version="1.0" encoding="UTF-8"?>
<!-- Generated by org.testng.reporters.JUnitXMLReporter -->
<testsuite ignored="1" hostname="NBI668018" failures="0" tests="3" name="Default test" time="27.59" errors="0" timestamp="2021-04-23T23:58:10 ART">
  <testcase classname="runner.Login" name="tc2" time="6.853"/>
  <testcase classname="runner.Login" name="tc2" time="10.032"/>
  <testcase classname="runner.Login" name="tc2" time="6.368"/>
  <testcase classname="runner.Login" name="tc1" time="0.0">
    <ignored/>
  </testcase> <!-- tc1 -->
</testsuite> <!-- Default test -->
