<?xml version="1.0" encoding="UTF-8"?>
<testng-results ignored="1" total="4" passed="3" failed="0" skipped="0">
  <reporter-output>
  </reporter-output>
  <suite started-at="2021-04-23T23:57:42 ART" name="Default suite" finished-at="2021-04-23T23:58:10 ART" duration-ms="27590">
    <groups>
    </groups>
    <test started-at="2021-04-23T23:57:42 ART" name="Default test" finished-at="2021-04-23T23:58:10 ART" duration-ms="27590">
      <class name="runner.Login">
        <test-method is-config="true" signature="reporte()[pri:0, instance:runner.Login@4690b489]" started-at="2021-04-23T23:57:42 ART" name="reporte" finished-at="2021-04-23T23:57:42 ART" duration-ms="146" status="PASS">
          <reporter-output>
          </reporter-output>
        </test-method> <!-- reporte -->
        <test-method signature="tc2(java.lang.String)[pri:0, instance:runner.Login@4690b489]" started-at="2021-04-23T23:57:42 ART" name="tc2" data-provider="login" finished-at="2021-04-23T23:57:49 ART" duration-ms="6853" status="PASS">
          <params>
            <param index="0">
              <value>
                <![CDATA[22330043,4512,homo4512,chrome]]>
              </value>
            </param>
          </params>
          <reporter-output>
          </reporter-output>
        </test-method> <!-- tc2 -->
        <test-method is-config="true" signature="teardown()[pri:0, instance:runner.Login@4690b489]" started-at="2021-04-23T23:57:49 ART" name="teardown" finished-at="2021-04-23T23:57:50 ART" duration-ms="1124" status="PASS">
          <reporter-output>
          </reporter-output>
        </test-method> <!-- teardown -->
        <test-method signature="tc2(java.lang.String)[pri:0, instance:runner.Login@4690b489]" started-at="2021-04-23T23:57:50 ART" name="tc2" data-provider="login" finished-at="2021-04-23T23:58:00 ART" duration-ms="10032" status="PASS">
          <params>
            <param index="0">
              <value>
                <![CDATA[66666,4512,homo4512,firefox]]>
              </value>
            </param>
          </params>
          <reporter-output>
          </reporter-output>
        </test-method> <!-- tc2 -->
        <test-method is-config="true" signature="teardown()[pri:0, instance:runner.Login@4690b489]" started-at="2021-04-23T23:58:00 ART" name="teardown" finished-at="2021-04-23T23:58:02 ART" duration-ms="2180" status="PASS">
          <reporter-output>
          </reporter-output>
        </test-method> <!-- teardown -->
        <test-method signature="tc2(java.lang.String)[pri:0, instance:runner.Login@4690b489]" started-at="2021-04-23T23:58:02 ART" name="tc2" data-provider="login" finished-at="2021-04-23T23:58:09 ART" duration-ms="6368" status="PASS">
          <params>
            <param index="0">
              <value>
                <![CDATA[999999,4512,homo4512,chrome]]>
              </value>
            </param>
          </params>
          <reporter-output>
          </reporter-output>
        </test-method> <!-- tc2 -->
        <test-method is-config="true" signature="teardown()[pri:0, instance:runner.Login@4690b489]" started-at="2021-04-23T23:58:09 ART" name="teardown" finished-at="2021-04-23T23:58:10 ART" duration-ms="826" status="PASS">
          <reporter-output>
          </reporter-output>
        </test-method> <!-- teardown -->
      </class> <!-- runner.Login -->
    </test> <!-- Default test -->
  </suite> <!-- Default suite -->
</testng-results>
